<?xml version="1.0" encoding="UTF-8"?>
<testng-results ignored="0" total="3" passed="2" failed="1" skipped="0">
  <reporter-output>
    <line>
      <![CDATA[- This script can be stopped if 'q' is sent to 'System.in' stream]]>
    </line>
    <line>
      <![CDATA[- This script can be stopped if 'q' is sent to 'System.in' stream]]>
    </line>
    <line>
      <![CDATA[- This script can be stopped if 'q' is sent to 'System.in' stream]]>
    </line>
    <line>
      <![CDATA[- ELEMENT_NOT_FOUND A[data-title="Banana"][2] after 10273 ms]]>
    </line>
  </reporter-output>
  <suite started-at="2024-08-13T15:30:17 CEST" name="suite" finished-at="2024-08-13T15:32:31 CEST" duration-ms="133825">
    <groups>
    </groups>
    <test started-at="2024-08-13T15:30:17 CEST" name="construction_de_commande.TesterLeParametreDeCommand" finished-at="2024-08-13T15:32:31 CEST" duration-ms="133825">
      <class name="construction_de_commande.TesterLeParametreDeCommand">
        <test-method is-config="true" signature="beforeSuite()[pri:0, instance:construction_de_commande.TesterLeParametreDeCommand@3cce5371]" started-at="2024-08-13T15:30:17 CEST" name="beforeSuite" test-instance-name="construction_de_commande.TesterLeParametreDeCommand" finished-at="2024-08-13T15:30:17 CEST" duration-ms="164" status="PASS">
          <reporter-output>
          </reporter-output>
        </test-method> <!-- beforeSuite -->
        <test-method is-config="true" signature="beforeClass(org.testng.ITestContext)[pri:0, instance:construction_de_commande.TesterLeParametreDeCommand@3cce5371]" started-at="2024-08-13T15:30:17 CEST" name="beforeClass" test-instance-name="construction_de_commande.TesterLeParametreDeCommand" finished-at="2024-08-13T15:30:17 CEST" duration-ms="104" status="PASS">
          <params>
            <param index="0">
              <value>
                <![CDATA[org.testng.TestRunner@4096a622]]>
              </value>
            </param>
          </params>
          <reporter-output>
            <line>
              <![CDATA[- This script can be stopped if 'q' is sent to 'System.in' stream]]>
            </line>
          </reporter-output>
        </test-method> <!-- beforeClass -->
        <test-method signature="TcTesterLeParametreDeCommand()[pri:0, instance:construction_de_commande.TesterLeParametreDeCommand@3cce5371]" started-at="2024-08-13T15:30:17 CEST" name="TcTesterLeParametreDeCommand" test-instance-name="construction_de_commande.TesterLeParametreDeCommand" finished-at="2024-08-13T15:32:31 CEST" duration-ms="133668" status="PASS">
          <reporter-output>
          </reporter-output>
        </test-method> <!-- TcTesterLeParametreDeCommand -->
        <test-method is-config="true" signature="cleanup()[pri:0, instance:construction_de_commande.TesterLeParametreDeCommand@3cce5371]" started-at="2024-08-13T15:32:31 CEST" name="cleanup" test-instance-name="construction_de_commande.TesterLeParametreDeCommand" finished-at="2024-08-13T15:32:31 CEST" duration-ms="0" status="PASS">
          <reporter-output>
          </reporter-output>
        </test-method> <!-- cleanup -->
        <test-method is-config="true" signature="afterClass(org.testng.ITestContext)[pri:0, instance:construction_de_commande.TesterLeParametreDeCommand@3cce5371]" started-at="2024-08-13T15:32:31 CEST" name="afterClass" test-instance-name="construction_de_commande.TesterLeParametreDeCommand" finished-at="2024-08-13T15:32:31 CEST" duration-ms="7" status="PASS">
          <params>
            <param index="0">
              <value>
                <![CDATA[org.testng.TestRunner@4096a622]]>
              </value>
            </param>
          </params>
          <reporter-output>
          </reporter-output>
        </test-method> <!-- afterClass -->
        <test-method is-config="true" signature="afterSuite()[pri:0, instance:construction_de_commande.TesterLeParametreDeCommand@3cce5371]" started-at="2024-08-13T15:32:31 CEST" name="afterSuite" test-instance-name="construction_de_commande.TesterLeParametreDeCommand" finished-at="2024-08-13T15:32:31 CEST" duration-ms="12" status="PASS">
          <reporter-output>
          </reporter-output>
        </test-method> <!-- afterSuite -->
      </class> <!-- construction_de_commande.TesterLeParametreDeCommand -->
      <class name="subscripts.TesterLeParametreDeCommandeSubscript">
        <test-method signature="TcTesterLeParametreDeCommandeSubscript()[pri:0, instance:subscripts.TesterLeParametreDeCommandeSubscript@1bb564e2]" started-at="2024-08-13T15:30:18 CEST" name="TcTesterLeParametreDeCommandeSubscript" test-instance-name="subscripts.TesterLeParametreDeCommandeSubscript-iter1" finished-at="2024-08-13T15:31:08 CEST" duration-ms="50292" status="PASS">
          <reporter-output>
          </reporter-output>
        </test-method> <!-- TcTesterLeParametreDeCommandeSubscript -->
        <test-method signature="TcTesterLeParametreDeCommandeSubscript()[pri:0, instance:subscripts.TesterLeParametreDeCommandeSubscript@58bf8650]" started-at="2024-08-13T15:31:34 CEST" name="TcTesterLeParametreDeCommandeSubscript" test-instance-name="subscripts.TesterLeParametreDeCommandeSubscript-iter2" finished-at="2024-08-13T15:32:05 CEST" duration-ms="30535" status="FAIL">
          <exception class="com.ats.tools.logger.levels.AtsFailError">
            <message>
              <![CDATA[ActionMouseKey (subscripts.TesterLeParametreDeCommandeSubscript-iter2:8) -> {"app":"chrome","errorCode":-1,"errorMessage":"ELEMENT_NOT_FOUND A[data-title=\"Banana\"][2] after 10273 ms"}]]>
            </message>
            <full-stacktrace>
              <![CDATA[com.ats.tools.logger.levels.AtsFailError: ActionMouseKey (subscripts.TesterLeParametreDeCommandeSubscript-iter2:8) -> {"app":"chrome","errorCode":-1,"errorMessage":"ELEMENT_NOT_FOUND A[data-title=\"Banana\"][2] after 10273 ms"}
at com.ats.executor.ActionTestScript.actionFinished(ActionTestScript.java:1205)
at com.ats.executor.ActionTestScript.exec(ActionTestScript.java:1151)
at subscripts.TesterLeParametreDeCommandeSubscript.TcTesterLeParametreDeCommandeSubscript(Unknown Source)
at java.base/jdk.internal.reflect.DirectMethodHandleAccessor.invoke(DirectMethodHandleAccessor.java:103)
at java.base/java.lang.reflect.Method.invoke(Method.java:580)
at org.testng.internal.invokers.MethodInvocationHelper.invokeMethod(MethodInvocationHelper.java:141)
at org.testng.internal.invokers.TestInvoker.invokeMethod(TestInvoker.java:686)
at org.testng.internal.invokers.TestInvoker.invokeTestMethod(TestInvoker.java:230)
at org.testng.internal.invokers.MethodRunner.runInSequence(MethodRunner.java:63)
at org.testng.internal.invokers.TestInvoker$MethodInvocationAgent.invoke(TestInvoker.java:992)
at org.testng.internal.invokers.TestInvoker.invokeTestMethods(TestInvoker.java:203)
at org.testng.internal.invokers.TestMethodWorker.invokeTestMethods(TestMethodWorker.java:154)
at org.testng.internal.invokers.TestMethodWorker.run(TestMethodWorker.java:134)
at java.base/java.util.ArrayList.forEach(ArrayList.java:1596)
at org.testng.TestRunner.privateRun(TestRunner.java:739)
at org.testng.TestRunner.run(TestRunner.java:614)
at org.testng.SuiteRunner.runTest(SuiteRunner.java:421)
at org.testng.SuiteRunner.runSequentially(SuiteRunner.java:413)
at org.testng.SuiteRunner.privateRun(SuiteRunner.java:373)
at org.testng.SuiteRunner.run(SuiteRunner.java:312)
at org.testng.SuiteRunnerWorker.runSuite(SuiteRunnerWorker.java:52)
at org.testng.SuiteRunnerWorker.run(SuiteRunnerWorker.java:95)
at org.testng.TestNG.runSuitesSequentially(TestNG.java:1274)
at org.testng.TestNG.runSuitesLocally(TestNG.java:1208)
at org.testng.TestNG.runSuites(TestNG.java:1112)
at org.testng.TestNG.run(TestNG.java:1079)
at com.ats.script.actions.ActionCallscript.execute(ActionCallscript.java:702)
at com.ats.executor.ActionTestScript.exec(ActionTestScript.java:1126)
at construction_de_commande.TesterLeParametreDeCommand.TcTesterLeParametreDeCommand(Unknown Source)
at java.base/jdk.internal.reflect.DirectMethodHandleAccessor.invoke(DirectMethodHandleAccessor.java:103)
at java.base/java.lang.reflect.Method.invoke(Method.java:580)
at org.testng.internal.invokers.MethodInvocationHelper.invokeMethod(MethodInvocationHelper.java:141)
at org.testng.internal.invokers.TestInvoker.invokeMethod(TestInvoker.java:686)
at org.testng.internal.invokers.TestInvoker.invokeTestMethod(TestInvoker.java:230)
at org.testng.internal.invokers.MethodRunner.runInSequence(MethodRunner.java:63)
at org.testng.internal.invokers.TestInvoker$MethodInvocationAgent.invoke(TestInvoker.java:992)
at org.testng.internal.invokers.TestInvoker.invokeTestMethods(TestInvoker.java:203)
at org.testng.internal.invokers.TestMethodWorker.invokeTestMethods(TestMethodWorker.java:154)
at org.testng.internal.invokers.TestMethodWorker.run(TestMethodWorker.java:134)
at java.base/java.util.ArrayList.forEach(ArrayList.java:1596)
at org.testng.TestRunner.privateRun(TestRunner.java:739)
at org.testng.TestRunner.run(TestRunner.java:614)
at org.testng.SuiteRunner.runTest(SuiteRunner.java:421)
at org.testng.SuiteRunner.runSequentially(SuiteRunner.java:413)
at org.testng.SuiteRunner.privateRun(SuiteRunner.java:373)
at org.testng.SuiteRunner.run(SuiteRunner.java:312)
at org.testng.SuiteRunnerWorker.runSuite(SuiteRunnerWorker.java:52)
at org.testng.SuiteRunnerWorker.run(SuiteRunnerWorker.java:95)
at org.testng.TestNG.runSuitesSequentially(TestNG.java:1274)
at org.testng.TestNG.runSuitesLocally(TestNG.java:1208)
at org.testng.TestNG.runSuites(TestNG.java:1112)
at org.testng.TestNG.run(TestNG.java:1079)
at org.testng.TestNG.privateMain(TestNG.java:1430)
at org.testng.TestNG.main(TestNG.java:1394)
]]>
            </full-stacktrace>
          </exception> <!-- com.ats.tools.logger.levels.AtsFailError -->
          <reporter-output>
            <line>
              <![CDATA[- ELEMENT_NOT_FOUND A[data-title="Banana"][2] after 10273 ms]]>
            </line>
          </reporter-output>
        </test-method> <!-- TcTesterLeParametreDeCommandeSubscript -->
      </class> <!-- subscripts.TesterLeParametreDeCommandeSubscript -->
    </test> <!-- construction_de_commande.TesterLeParametreDeCommand -->
  </suite> <!-- suite -->
</testng-results>
